c:\users\barte\desktop\hejka\unnsense recode\seal.it\x64\release\vc143.pdb
c:\users\barte\desktop\hejka\unnsense recode\seal.it\x64\release\imgui_widgets.obj
c:\users\barte\desktop\hejka\unnsense recode\seal.it\x64\release\imgui_tables.obj
c:\users\barte\desktop\hejka\unnsense recode\seal.it\x64\release\imgui_impl_win32.obj
c:\users\barte\desktop\hejka\unnsense recode\seal.it\x64\release\imgui_impl_opengl3.obj
c:\users\barte\desktop\hejka\unnsense recode\seal.it\x64\release\imgui_impl_glfw.obj
c:\users\barte\desktop\hejka\unnsense recode\seal.it\x64\release\imgui_draw.obj
c:\users\barte\desktop\hejka\unnsense recode\seal.it\x64\release\imgui_demo.obj
c:\users\barte\desktop\hejka\unnsense recode\seal.it\x64\release\imgui_checkbox.obj
c:\users\barte\desktop\hejka\unnsense recode\seal.it\x64\release\imgui.obj
c:\users\barte\desktop\hejka\unnsense recode\seal.it\x64\release\dllmain.obj
c:\users\barte\desktop\hejka\unnsense recode\seal.it\x64\release\hooks.obj
c:\users\barte\desktop\hejka\unnsense recode\seal.it\x64\release\gui.obj
c:\users\barte\desktop\hejka\unnsense recode\seal.it\x64\release\gltext.obj
c:\users\barte\desktop\hejka\unnsense recode\seal.it\x64\release\gldraw.obj
c:\users\barte\desktop\hejka\unnsense recode\seal.it\x64\release\array_list.obj
c:\users\barte\desktop\hejka\unnsense recode\seal.it\x64\release\trampoline.obj
c:\users\barte\desktop\hejka\unnsense recode\seal.it\x64\release\hook.obj
c:\users\barte\desktop\hejka\unnsense recode\seal.it\x64\release\hde64.obj
c:\users\barte\desktop\hejka\unnsense recode\seal.it\x64\release\hde32.obj
c:\users\barte\desktop\hejka\unnsense recode\seal.it\x64\release\buffer.obj
c:\users\barte\desktop\hejka\unnsense recode\x64\release\unnsense recode.dll
c:\users\barte\desktop\hejka\unnsense recode\seal.it\x64\release\unnsense recode.ipdb
c:\users\barte\desktop\hejka\unnsense recode\x64\release\unnsense recode.pdb
c:\users\barte\desktop\hejka\unnsense recode\seal.it\x64\release\unnsense recode.iobj
c:\users\barte\desktop\hejka\unnsense recode\seal.it\x64\release\unnsense recode.tlog\cl.command.1.tlog
c:\users\barte\desktop\hejka\unnsense recode\seal.it\x64\release\unnsense recode.tlog\cl.items.tlog
c:\users\barte\desktop\hejka\unnsense recode\seal.it\x64\release\unnsense recode.tlog\cl.read.1.tlog
c:\users\barte\desktop\hejka\unnsense recode\seal.it\x64\release\unnsense recode.tlog\cl.write.1.tlog
c:\users\barte\desktop\hejka\unnsense recode\seal.it\x64\release\unnsense recode.tlog\link.command.1.tlog
c:\users\barte\desktop\hejka\unnsense recode\seal.it\x64\release\unnsense recode.tlog\link.read.1.tlog
c:\users\barte\desktop\hejka\unnsense recode\seal.it\x64\release\unnsense recode.tlog\link.write.1.tlog
